{
  "stats": {
    "suites": 1,
    "tests": 1,
    "passes": 1,
    "pending": 0,
    "failures": 0,
    "start": "2018-05-12T15:56:36.033Z",
    "end": "2018-05-12T15:56:36.148Z",
    "duration": 115,
    "testsRegistered": 1,
    "passPercent": 100,
    "pendingPercent": 0,
    "other": 0,
    "hasOther": false,
    "skipped": 0,
    "hasSkipped": false,
    "passPercentClass": "success",
    "pendingPercentClass": "danger"
  },
  "suites": {
    "uuid": "08aa7ce4-512c-4fb4-9e36-6d6198e5aeff",
    "title": "",
    "fullFile": "",
    "file": "",
    "beforeHooks": [
      {
        "title": "\"before all\" hook",
        "fullTitle": "\"before all\" hook",
        "timedOut": false,
        "duration": 30,
        "pass": false,
        "fail": false,
        "pending": false,
        "code": "//connects to mongoose database\nmongoose.connect('mongodb://localhost/testdb');\nmongoose.connection.once('open',()=>{\n    console.log('Congrats! Connected to Mongo DB');\n    done();\n}).on('error',()=>{\n    console.log('Connection error ',error);\n});",
        "err": {},
        "isRoot": true,
        "uuid": "6f3e25bc-79a9-42b9-8927-218a06d6e427",
        "isHook": true,
        "skipped": false
      },
      {
        "title": "\"before each\" hook",
        "fullTitle": "\"before each\" hook",
        "timedOut": false,
        "duration": 3,
        "pass": false,
        "fail": false,
        "pending": false,
        "code": "mongoose.connection.collections.users.drop(()=>{\n    done();\n});",
        "err": {},
        "isRoot": true,
        "uuid": "e453cd58-edc5-4378-a797-4e9e1c866216",
        "isHook": true,
        "skipped": false
      }
    ],
    "afterHooks": [],
    "tests": [],
    "suites": [
      {
        "uuid": "f3afdf3f-ee5d-4619-aed9-ef03c83872f7",
        "title": "Saves a single record",
        "fullFile": "/Users/zac/Documents/api-testing/mongo-testing/mongo-db-unit/test/save_user.js",
        "file": "/test/save_user.js",
        "beforeHooks": [],
        "afterHooks": [],
        "tests": [
          {
            "title": "saves a single record to db",
            "fullTitle": "Saves a single record saves a single record to db",
            "timedOut": false,
            "duration": 69,
            "state": "passed",
            "speed": "medium",
            "pass": true,
            "fail": false,
            "pending": false,
            "code": "var user = new User({\n    firstname : \"Akanksha\",\n    lastname : \"Verma\",\n    id : 123,\n    plan : \"GF\"\n});\nuser.save().then(()=>{\n   expect(user.isNew).to.be.false;\n    done();\n});",
            "err": {},
            "isRoot": false,
            "uuid": "f448eaa0-4e07-49f2-aa1f-0117c6da8fe5",
            "isHook": false,
            "skipped": false
          }
        ],
        "suites": [],
        "passes": [
          "f448eaa0-4e07-49f2-aa1f-0117c6da8fe5"
        ],
        "failures": [],
        "pending": [],
        "skipped": [],
        "duration": 69,
        "root": false,
        "rootEmpty": false,
        "_timeout": 50000
      }
    ],
    "passes": [],
    "failures": [],
    "pending": [],
    "skipped": [],
    "duration": 0,
    "root": true,
    "rootEmpty": true,
    "_timeout": 50000
  },
  "copyrightYear": 2018
}